2023-02-25 21:58:09,552:INFO:Pyrchive:Archive manager initialized in C:\Users\Grey\Documents\GitHub\Tagchive
2023-02-25 21:58:09,552:INFO:Pyrchive:Loading entries from C:\Users\Grey\Documents\GitHub\Tagchive/pyrchiveFolders/pyrchiveJsonData/ArchiveEntries.json
2023-02-25 21:58:09,552:INFO:Pyrchive:Loading Tag Groups from C:\Users\Grey\Documents\GitHub\Tagchive/pyrchiveFolders/pyrchiveJsonData/ArchiveSettings.json
2023-02-25 21:58:09,552:INFO:Pyrchive:Loading Tag Groups from C:\Users\Grey\Documents\GitHub\Tagchive/pyrchiveFolders/pyrchiveJsonData/SavedSearches.json
2023-02-25 21:58:09,552:INFO:__main__:Tarchive App initialized
2023-02-25 21:58:09,815:INFO:__main__:Started in 0.33s.
2023-02-25 21:58:09,815:INFO:__main__:Entering Browse Screen with 0 entries on screen.
2023-02-25 21:58:09,817:INFO:root:Loading tag list...
2023-02-25 21:58:09,833:INFO:__main__:Entering Browse Screen with 0 entries on screen.
2023-02-25 21:58:09,843:INFO:root:Loading tag list...
2023-02-25 21:58:14,159:INFO:__main__:Opening window for entry 0
2023-02-25 21:58:14,671:INFO:root:Loading tag list...
2023-02-25 21:58:17,960:INFO:__main__:Opening window for settings
2023-02-25 21:58:19,456:INFO:Pyrchive:Saving Tag Groups to C:\Users\Grey\Documents\GitHub\Tagchive/pyrchiveFolders/pyrchiveJsonData/ArchiveSettings.json
2023-02-25 21:58:23,469:INFO:__main__:Opening window for entry 0
2023-02-25 21:58:23,962:INFO:root:Loading tag list...
2023-02-25 21:58:24,944:INFO:Pyrchive:Saving entries to C:\Users\Grey\Documents\GitHub\Tagchive/pyrchiveFolders/pyrchiveJsonData/ArchiveEntries.json
2023-02-25 21:58:24,968:INFO:__main__:Opening window for entry 0
2023-02-25 21:58:25,452:INFO:root:Loading tag list...
2023-02-25 21:58:29,909:INFO:__main__:Opening window for entry 1
2023-02-25 21:58:29,971:INFO:root:Loading tag list...
2023-02-25 21:58:30,362:INFO:Pyrchive:Saving entries to C:\Users\Grey\Documents\GitHub\Tagchive/pyrchiveFolders/pyrchiveJsonData/ArchiveEntries.json
2023-02-25 21:58:30,386:INFO:__main__:Opening window for entry 1
2023-02-25 21:58:30,452:INFO:root:Loading tag list...
2023-02-25 21:58:34,504:INFO:__main__:Opening window for entry 2
2023-02-25 21:58:34,736:INFO:root:Loading tag list...
2023-02-25 21:58:35,244:INFO:Pyrchive:Saving entries to C:\Users\Grey\Documents\GitHub\Tagchive/pyrchiveFolders/pyrchiveJsonData/ArchiveEntries.json
2023-02-25 21:58:35,268:INFO:__main__:Opening window for entry 2
2023-02-25 21:58:35,499:INFO:root:Loading tag list...
2023-02-25 21:58:36,372:INFO:__main__:Entering Browse Screen with 3 entries on screen.
2023-02-25 21:58:36,801:INFO:root:Loading tag list...
2023-02-25 21:58:37,631:INFO:__main__:Opening window for entry 1
2023-02-25 21:58:37,698:INFO:root:Loading tag list...
2023-02-25 21:58:39,150:INFO:Pyrchive:Saving entries to C:\Users\Grey\Documents\GitHub\Tagchive/pyrchiveFolders/pyrchiveJsonData/ArchiveEntries.json
2023-02-25 21:58:39,150:INFO:__main__:Entering Browse Screen with 2 entries on screen.
2023-02-25 21:58:39,569:INFO:root:Loading tag list...
2023-02-25 21:58:43,615:INFO:__main__:Opening window for entry 1
2023-02-25 21:58:43,683:INFO:root:Loading tag list...
2023-02-25 21:58:44,782:INFO:Pyrchive:Saving entries to C:\Users\Grey\Documents\GitHub\Tagchive/pyrchiveFolders/pyrchiveJsonData/ArchiveEntries.json
2023-02-25 21:58:44,806:INFO:__main__:Opening window for entry 1
2023-02-25 21:58:44,901:INFO:root:Loading tag list...
2023-02-25 21:58:45,641:INFO:__main__:Entering Browse Screen with 3 entries on screen.
2023-02-25 21:58:46,074:INFO:root:Loading tag list...
2023-02-25 21:58:46,685:INFO:__main__:Opening window for entry 1
2023-02-25 21:58:46,750:INFO:root:Loading tag list...
2023-02-25 21:58:47,736:INFO:__main__:Entering Browse Screen with 3 entries on screen.
2023-02-25 21:58:48,170:INFO:root:Loading tag list...
2023-02-25 21:58:48,715:INFO:__main__:Opening window for entry 2
2023-02-25 21:58:48,952:INFO:root:Loading tag list...
2023-02-25 21:58:50,688:INFO:Pyrchive:Saving entries to C:\Users\Grey\Documents\GitHub\Tagchive/pyrchiveFolders/pyrchiveJsonData/ArchiveEntries.json
2023-02-25 21:58:50,688:INFO:__main__:Entering Browse Screen with 2 entries on screen.
2023-02-25 21:58:51,046:INFO:root:Loading tag list...
2023-02-25 21:58:51,785:INFO:__main__:Opening window for entry 1
2023-02-25 21:58:51,849:INFO:root:Loading tag list...
2023-02-25 21:58:53,591:INFO:Pyrchive:Saving entries to C:\Users\Grey\Documents\GitHub\Tagchive/pyrchiveFolders/pyrchiveJsonData/ArchiveEntries.json
2023-02-25 21:58:53,592:INFO:__main__:Entering Browse Screen with 1 entries on screen.
2023-02-25 21:58:53,927:INFO:root:Loading tag list...
2023-02-25 21:58:54,620:INFO:__main__:Opening window for entry 0
2023-02-25 21:58:55,087:INFO:root:Loading tag list...
2023-02-25 21:58:56,718:INFO:Pyrchive:Saving entries to C:\Users\Grey\Documents\GitHub\Tagchive/pyrchiveFolders/pyrchiveJsonData/ArchiveEntries.json
2023-02-25 21:58:56,718:INFO:__main__:Entering Browse Screen with 0 entries on screen.
2023-02-25 21:58:56,750:INFO:root:Loading tag list...
2023-02-25 21:58:58,537:INFO:Pyrchive:Saving entries to C:\Users\Grey\Documents\GitHub\Tagchive/pyrchiveFolders/pyrchiveJsonData/ArchiveEntries.json
2023-02-25 21:58:58,538:INFO:Pyrchive:Saving Tag Groups to C:\Users\Grey\Documents\GitHub\Tagchive/pyrchiveFolders/pyrchiveJsonData/ArchiveSettings.json
2023-02-25 21:58:58,538:INFO:Pyrchive:Saving Tag Groups to C:\Users\Grey\Documents\GitHub\Tagchive/pyrchiveFolders/pyrchiveJsonData/SavedSearches.json
